2020/02/13 10:44:07 [error] [system.db.CDbCommand] CDbCommand::fetchAll() failed: SQLSTATE[42S02]: Base table or view not found: 1146 Table 'yii_qi.{{users}}' doesn't exist. The SQL statement executed was: SHOW FULL COLUMNS FROM `{{users}}`.
in C:\wamp64\www\qi-exam\app\protected\controllers\SiteController.php (30)
in C:\wamp64\www\qi-exam\app\index.php (13)
2020/02/13 10:44:07 [error] [exception.CDbException] CDbException: The table "{{users}}" for active record class "User" cannot be found in the database. in C:\wamp64\www\qi-exam\framework\db\ar\CActiveRecord.php:2390
Stack trace:
#0 C:\wamp64\www\qi-exam\framework\db\ar\CActiveRecord.php(413): CActiveRecordMetaData->__construct(Object(User))
#1 C:\wamp64\www\qi-exam\framework\db\ar\CActiveRecord.php(79): CActiveRecord->getMetaData()
#2 C:\wamp64\www\qi-exam\app\protected\controllers\SiteController.php(30): CActiveRecord->__construct()
#3 C:\wamp64\www\qi-exam\framework\web\actions\CInlineAction.php(49): SiteController->actionIndex()
#4 C:\wamp64\www\qi-exam\framework\web\CController.php(308): CInlineAction->runWithParams(Array)
#5 C:\wamp64\www\qi-exam\framework\web\CController.php(286): CController->runAction(Object(CInlineAction))
#6 C:\wamp64\www\qi-exam\framework\web\CController.php(265): CController->runActionWithFilters(Object(CInlineAction), Array)
#7 C:\wamp64\www\qi-exam\framework\web\CWebApplication.php(282): CController->run('index')
#8 C:\wamp64\www\qi-exam\framework\web\CWebApplication.php(141): CWebApplication->runController('site/index')
#9 C:\wamp64\www\qi-exam\framework\base\CApplication.php(185): CWebApplication->processRequest()
#10 C:\wamp64\www\qi-exam\app\index.php(13): CApplication->run()
#11 {main}
REQUEST_URI=/site/index
---
2020/02/13 10:46:56 [error] [php] include(Flash.php): failed to open stream: No such file or directory (C:\wamp64\www\qi-exam\framework\YiiBase.php:463)
Stack trace:
#0 unknown(0): spl_autoload_call()
#1 C:\wamp64\www\qi-exam\framework\YiiBase.php(310): class_exists()
#2 C:\wamp64\www\qi-exam\framework\web\CWidgetFactory.php(146): import()
#3 C:\wamp64\www\qi-exam\framework\web\CBaseController.php(146): CWidgetFactory->createWidget()
#4 C:\wamp64\www\qi-exam\framework\web\CBaseController.php(181): SiteController->createWidget()
#5 C:\wamp64\www\qi-exam\app\protected\views\site\index.php(20): SiteController->widget()
#6 C:\wamp64\www\qi-exam\framework\web\CBaseController.php(126): require()
#7 C:\wamp64\www\qi-exam\framework\web\CBaseController.php(95): SiteController->renderInternal()
#8 C:\wamp64\www\qi-exam\framework\web\CController.php(872): SiteController->renderFile()
#9 C:\wamp64\www\qi-exam\framework\web\CController.php(785): SiteController->renderPartial()
#10 C:\wamp64\www\qi-exam\app\protected\controllers\SiteController.php(34): SiteController->render()
#11 C:\wamp64\www\qi-exam\framework\web\actions\CInlineAction.php(49): SiteController->actionIndex()
#12 C:\wamp64\www\qi-exam\framework\web\CController.php(308): CInlineAction->runWithParams()
#13 C:\wamp64\www\qi-exam\framework\web\CController.php(286): SiteController->runAction()
#14 C:\wamp64\www\qi-exam\framework\web\CController.php(265): SiteController->runActionWithFilters()
#15 C:\wamp64\www\qi-exam\framework\web\CWebApplication.php(282): SiteController->run()
#16 C:\wamp64\www\qi-exam\framework\web\CWebApplication.php(141): CWebApplication->runController()
#17 C:\wamp64\www\qi-exam\framework\base\CApplication.php(185): CWebApplication->processRequest()
#18 C:\wamp64\www\qi-exam\app\index.php(13): CWebApplication->run()
REQUEST_URI=/site/index
in C:\wamp64\www\qi-exam\app\protected\views\site\index.php (20)
in C:\wamp64\www\qi-exam\app\protected\controllers\SiteController.php (34)
in C:\wamp64\www\qi-exam\app\index.php (13)
2020/02/13 10:50:10 [error] [php] Undefined variable: exam (C:\wamp64\www\qi-exam\app\protected\views\site\index.php:22)
Stack trace:
#0 C:\wamp64\www\qi-exam\framework\web\CController.php(872): SiteController->renderFile()
#1 C:\wamp64\www\qi-exam\framework\web\CController.php(785): SiteController->renderPartial()
#2 C:\wamp64\www\qi-exam\app\protected\controllers\SiteController.php(34): SiteController->render()
#3 C:\wamp64\www\qi-exam\framework\web\actions\CInlineAction.php(49): SiteController->actionIndex()
#4 C:\wamp64\www\qi-exam\framework\web\CController.php(308): CInlineAction->runWithParams()
#5 C:\wamp64\www\qi-exam\framework\web\CController.php(286): SiteController->runAction()
#6 C:\wamp64\www\qi-exam\framework\web\CController.php(265): SiteController->runActionWithFilters()
#7 C:\wamp64\www\qi-exam\framework\web\CWebApplication.php(282): SiteController->run()
#8 C:\wamp64\www\qi-exam\framework\web\CWebApplication.php(141): CWebApplication->runController()
#9 C:\wamp64\www\qi-exam\framework\base\CApplication.php(185): CWebApplication->processRequest()
#10 C:\wamp64\www\qi-exam\app\index.php(13): CWebApplication->run()
REQUEST_URI=/site/index
in C:\wamp64\www\qi-exam\app\protected\views\site\index.php (22)
in C:\wamp64\www\qi-exam\app\protected\controllers\SiteController.php (34)
in C:\wamp64\www\qi-exam\app\index.php (13)
2020/02/13 10:50:29 [error] [php] Undefined variable: exam (C:\wamp64\www\qi-exam\app\protected\views\site\index.php:29)
Stack trace:
#0 C:\wamp64\www\qi-exam\framework\web\CController.php(872): SiteController->renderFile()
#1 C:\wamp64\www\qi-exam\framework\web\CController.php(785): SiteController->renderPartial()
#2 C:\wamp64\www\qi-exam\app\protected\controllers\SiteController.php(34): SiteController->render()
#3 C:\wamp64\www\qi-exam\framework\web\actions\CInlineAction.php(49): SiteController->actionIndex()
#4 C:\wamp64\www\qi-exam\framework\web\CController.php(308): CInlineAction->runWithParams()
#5 C:\wamp64\www\qi-exam\framework\web\CController.php(286): SiteController->runAction()
#6 C:\wamp64\www\qi-exam\framework\web\CController.php(265): SiteController->runActionWithFilters()
#7 C:\wamp64\www\qi-exam\framework\web\CWebApplication.php(282): SiteController->run()
#8 C:\wamp64\www\qi-exam\framework\web\CWebApplication.php(141): CWebApplication->runController()
#9 C:\wamp64\www\qi-exam\framework\base\CApplication.php(185): CWebApplication->processRequest()
#10 C:\wamp64\www\qi-exam\app\index.php(13): CWebApplication->run()
REQUEST_URI=/site/index
in C:\wamp64\www\qi-exam\app\protected\views\site\index.php (29)
in C:\wamp64\www\qi-exam\app\protected\controllers\SiteController.php (34)
in C:\wamp64\www\qi-exam\app\index.php (13)
2020/02/13 10:50:42 [error] [php] include(first_name.php): failed to open stream: No such file or directory (C:\wamp64\www\qi-exam\framework\YiiBase.php:463)
Stack trace:
#0 unknown(0): spl_autoload_call()
#1 C:\wamp64\www\qi-exam\framework\YiiBase.php(310): class_exists()
#2 C:\wamp64\www\qi-exam\framework\validators\CValidator.php(174): import()
#3 C:\wamp64\www\qi-exam\framework\base\CModel.php(287): createValidator()
#4 C:\wamp64\www\qi-exam\framework\base\CModel.php(260): User->createValidators()
#5 C:\wamp64\www\qi-exam\framework\web\helpers\CHtml.php(2467): User->getValidators()
#6 C:\wamp64\www\qi-exam\framework\web\helpers\CHtml.php(1540): activeInputField()
#7 C:\wamp64\www\qi-exam\framework\web\widgets\CActiveForm.php(792): activeTextField()
#8 C:\wamp64\www\qi-exam\app\protected\views\site\index.php(31): CActiveForm->textField()
#9 C:\wamp64\www\qi-exam\framework\web\CBaseController.php(126): require()
#10 C:\wamp64\www\qi-exam\framework\web\CBaseController.php(95): SiteController->renderInternal()
#11 C:\wamp64\www\qi-exam\framework\web\CController.php(872): SiteController->renderFile()
#12 C:\wamp64\www\qi-exam\framework\web\CController.php(785): SiteController->renderPartial()
#13 C:\wamp64\www\qi-exam\app\protected\controllers\SiteController.php(34): SiteController->render()
#14 C:\wamp64\www\qi-exam\framework\web\actions\CInlineAction.php(49): SiteController->actionIndex()
#15 C:\wamp64\www\qi-exam\framework\web\CController.php(308): CInlineAction->runWithParams()
#16 C:\wamp64\www\qi-exam\framework\web\CController.php(286): SiteController->runAction()
#17 C:\wamp64\www\qi-exam\framework\web\CController.php(265): SiteController->runActionWithFilters()
#18 C:\wamp64\www\qi-exam\framework\web\CWebApplication.php(282): SiteController->run()
#19 C:\wamp64\www\qi-exam\framework\web\CWebApplication.php(141): CWebApplication->runController()
#20 C:\wamp64\www\qi-exam\framework\base\CApplication.php(185): CWebApplication->processRequest()
#21 C:\wamp64\www\qi-exam\app\index.php(13): CWebApplication->run()
REQUEST_URI=/site/index
in C:\wamp64\www\qi-exam\app\protected\views\site\index.php (31)
in C:\wamp64\www\qi-exam\app\protected\controllers\SiteController.php (34)
in C:\wamp64\www\qi-exam\app\index.php (13)
2020/02/13 10:53:54 [error] [php] include(emailExists.php): failed to open stream: No such file or directory (C:\wamp64\www\qi-exam\framework\YiiBase.php:463)
Stack trace:
#0 unknown(0): spl_autoload_call()
#1 C:\wamp64\www\qi-exam\framework\YiiBase.php(310): class_exists()
#2 C:\wamp64\www\qi-exam\framework\validators\CValidator.php(174): import()
#3 C:\wamp64\www\qi-exam\framework\base\CModel.php(287): createValidator()
#4 C:\wamp64\www\qi-exam\framework\base\CModel.php(260): User->createValidators()
#5 C:\wamp64\www\qi-exam\framework\web\helpers\CHtml.php(2467): User->getValidators()
#6 C:\wamp64\www\qi-exam\framework\web\helpers\CHtml.php(1540): activeInputField()
#7 C:\wamp64\www\qi-exam\framework\web\widgets\CActiveForm.php(792): activeTextField()
#8 C:\wamp64\www\qi-exam\app\protected\views\site\index.php(31): CActiveForm->textField()
#9 C:\wamp64\www\qi-exam\framework\web\CBaseController.php(126): require()
#10 C:\wamp64\www\qi-exam\framework\web\CBaseController.php(95): SiteController->renderInternal()
#11 C:\wamp64\www\qi-exam\framework\web\CController.php(872): SiteController->renderFile()
#12 C:\wamp64\www\qi-exam\framework\web\CController.php(785): SiteController->renderPartial()
#13 C:\wamp64\www\qi-exam\app\protected\controllers\SiteController.php(34): SiteController->render()
#14 C:\wamp64\www\qi-exam\framework\web\actions\CInlineAction.php(49): SiteController->actionIndex()
#15 C:\wamp64\www\qi-exam\framework\web\CController.php(308): CInlineAction->runWithParams()
#16 C:\wamp64\www\qi-exam\framework\web\CController.php(286): SiteController->runAction()
#17 C:\wamp64\www\qi-exam\framework\web\CController.php(265): SiteController->runActionWithFilters()
#18 C:\wamp64\www\qi-exam\framework\web\CWebApplication.php(282): SiteController->run()
#19 C:\wamp64\www\qi-exam\framework\web\CWebApplication.php(141): CWebApplication->runController()
#20 C:\wamp64\www\qi-exam\framework\base\CApplication.php(185): CWebApplication->processRequest()
#21 C:\wamp64\www\qi-exam\app\index.php(13): CWebApplication->run()
REQUEST_URI=/site/index
in C:\wamp64\www\qi-exam\app\protected\views\site\index.php (31)
in C:\wamp64\www\qi-exam\app\protected\controllers\SiteController.php (34)
in C:\wamp64\www\qi-exam\app\index.php (13)
2020/02/13 13:14:34 [error] [exception.CException] CException: Property "User.confirmPassword" is not defined. in C:\wamp64\www\qi-exam\framework\base\CComponent.php:130
Stack trace:
#0 C:\wamp64\www\qi-exam\framework\db\ar\CActiveRecord.php(145): CComponent->__get('confirmPassword')
#1 C:\wamp64\www\qi-exam\framework\web\helpers\CHtml.php(2760): CActiveRecord->__get('confirmPassword')
#2 C:\wamp64\www\qi-exam\framework\web\helpers\CHtml.php(2483): CHtml::resolveValue(Object(User), 'confirmPassword')
#3 C:\wamp64\www\qi-exam\framework\web\helpers\CHtml.php(1540): CHtml::activeInputField('text', Object(User), 'confirmPassword', Array)
#4 C:\wamp64\www\qi-exam\framework\web\widgets\CActiveForm.php(792): CHtml::activeTextField(Object(User), 'confirmPassword', Array)
#5 C:\wamp64\www\qi-exam\app\protected\views\site\index.php(52): CActiveForm->textField(Object(User), 'confirmPassword', Array)
#6 C:\wamp64\www\qi-exam\framework\web\CBaseController.php(126): require('C:\\wamp64\\www\\q...')
#7 C:\wamp64\www\qi-exam\framework\web\CBaseController.php(95): CBaseController->renderInternal('C:\\wamp64\\www\\q...', Array, true)
#8 C:\wamp64\www\qi-exam\framework\web\CController.php(872): CBaseController->renderFile('C:\\wamp64\\www\\q...', Array, true)
#9 C:\wamp64\www\qi-exam\framework\web\CController.php(785): CController->renderPartial('index', Array, true)
#10 C:\wamp64\www\qi-exam\app\protected\controllers\SiteController.php(34): CController->render('index', Array)
#11 C:\wamp64\www\qi-exam\framework\web\actions\CInlineAction.php(49): SiteController->actionIndex()
#12 C:\wamp64\www\qi-exam\framework\web\CController.php(308): CInlineAction->runWithParams(Array)
#13 C:\wamp64\www\qi-exam\framework\web\CController.php(286): CController->runAction(Object(CInlineAction))
#14 C:\wamp64\www\qi-exam\framework\web\CController.php(265): CController->runActionWithFilters(Object(CInlineAction), Array)
#15 C:\wamp64\www\qi-exam\framework\web\CWebApplication.php(282): CController->run('index')
#16 C:\wamp64\www\qi-exam\framework\web\CWebApplication.php(141): CWebApplication->runController('site/index')
#17 C:\wamp64\www\qi-exam\framework\base\CApplication.php(185): CWebApplication->processRequest()
#18 C:\wamp64\www\qi-exam\app\index.php(13): CApplication->run()
#19 {main}
REQUEST_URI=/site/index
---
2020/02/13 13:16:04 [error] [exception.CException] CException: Property "User.confirmPassword" is not defined. in C:\wamp64\www\qi-exam\framework\base\CComponent.php:130
Stack trace:
#0 C:\wamp64\www\qi-exam\framework\db\ar\CActiveRecord.php(145): CComponent->__get('confirmPassword')
#1 C:\wamp64\www\qi-exam\framework\web\helpers\CHtml.php(2760): CActiveRecord->__get('confirmPassword')
#2 C:\wamp64\www\qi-exam\framework\web\helpers\CHtml.php(2483): CHtml::resolveValue(Object(User), 'confirmPassword')
#3 C:\wamp64\www\qi-exam\framework\web\helpers\CHtml.php(1540): CHtml::activeInputField('text', Object(User), 'confirmPassword', Array)
#4 C:\wamp64\www\qi-exam\framework\web\widgets\CActiveForm.php(792): CHtml::activeTextField(Object(User), 'confirmPassword', Array)
#5 C:\wamp64\www\qi-exam\app\protected\views\site\index.php(52): CActiveForm->textField(Object(User), 'confirmPassword', Array)
#6 C:\wamp64\www\qi-exam\framework\web\CBaseController.php(126): require('C:\\wamp64\\www\\q...')
#7 C:\wamp64\www\qi-exam\framework\web\CBaseController.php(95): CBaseController->renderInternal('C:\\wamp64\\www\\q...', Array, true)
#8 C:\wamp64\www\qi-exam\framework\web\CController.php(872): CBaseController->renderFile('C:\\wamp64\\www\\q...', Array, true)
#9 C:\wamp64\www\qi-exam\framework\web\CController.php(785): CController->renderPartial('index', Array, true)
#10 C:\wamp64\www\qi-exam\app\protected\controllers\SiteController.php(34): CController->render('index', Array)
#11 C:\wamp64\www\qi-exam\framework\web\actions\CInlineAction.php(49): SiteController->actionIndex()
#12 C:\wamp64\www\qi-exam\framework\web\CController.php(308): CInlineAction->runWithParams(Array)
#13 C:\wamp64\www\qi-exam\framework\web\CController.php(286): CController->runAction(Object(CInlineAction))
#14 C:\wamp64\www\qi-exam\framework\web\CController.php(265): CController->runActionWithFilters(Object(CInlineAction), Array)
#15 C:\wamp64\www\qi-exam\framework\web\CWebApplication.php(282): CController->run('index')
#16 C:\wamp64\www\qi-exam\framework\web\CWebApplication.php(141): CWebApplication->runController('site/index')
#17 C:\wamp64\www\qi-exam\framework\base\CApplication.php(185): CWebApplication->processRequest()
#18 C:\wamp64\www\qi-exam\app\index.php(13): CApplication->run()
#19 {main}
REQUEST_URI=/site/index
---
2020/02/13 13:22:20 [error] [php] Undefined index: user (C:\wamp64\www\qi-exam\app\protected\controllers\SiteController.php:32)
Stack trace:
#0 C:\wamp64\www\qi-exam\framework\web\CController.php(286): SiteController->runAction()
#1 C:\wamp64\www\qi-exam\framework\web\CController.php(265): SiteController->runActionWithFilters()
#2 C:\wamp64\www\qi-exam\framework\web\CWebApplication.php(282): SiteController->run()
#3 C:\wamp64\www\qi-exam\framework\web\CWebApplication.php(141): CWebApplication->runController()
#4 C:\wamp64\www\qi-exam\framework\base\CApplication.php(185): CWebApplication->processRequest()
#5 C:\wamp64\www\qi-exam\app\index.php(13): CWebApplication->run()
REQUEST_URI=/site/index
in C:\wamp64\www\qi-exam\app\protected\controllers\SiteController.php (32)
in C:\wamp64\www\qi-exam\app\index.php (13)
2020/02/13 13:24:12 [error] [exception.CException] CException: Property "User.name" is not defined. in C:\wamp64\www\qi-exam\framework\base\CComponent.php:130
Stack trace:
#0 C:\wamp64\www\qi-exam\framework\db\ar\CActiveRecord.php(145): CComponent->__get('name')
#1 C:\wamp64\www\qi-exam\framework\validators\CRequiredValidator.php(58): CActiveRecord->__get('name')
#2 C:\wamp64\www\qi-exam\framework\validators\CValidator.php(201): CRequiredValidator->validateAttribute(Object(User), 'name')
#3 C:\wamp64\www\qi-exam\framework\base\CModel.php(159): CValidator->validate(Object(User), Array)
#4 C:\wamp64\www\qi-exam\app\protected\controllers\SiteController.php(33): CModel->validate()
#5 C:\wamp64\www\qi-exam\framework\web\actions\CInlineAction.php(49): SiteController->actionIndex()
#6 C:\wamp64\www\qi-exam\framework\web\CController.php(308): CInlineAction->runWithParams(Array)
#7 C:\wamp64\www\qi-exam\framework\web\CController.php(286): CController->runAction(Object(CInlineAction))
#8 C:\wamp64\www\qi-exam\framework\web\CController.php(265): CController->runActionWithFilters(Object(CInlineAction), Array)
#9 C:\wamp64\www\qi-exam\framework\web\CWebApplication.php(282): CController->run('index')
#10 C:\wamp64\www\qi-exam\framework\web\CWebApplication.php(141): CWebApplication->runController('site/index')
#11 C:\wamp64\www\qi-exam\framework\base\CApplication.php(185): CWebApplication->processRequest()
#12 C:\wamp64\www\qi-exam\app\index.php(13): CApplication->run()
#13 {main}
REQUEST_URI=/site/index
HTTP_REFERER=http://qi.john/site/index
---
2020/02/13 13:25:46 [error] [exception.CException] CException: User and its behaviors do not have a method or closure named "existing". in C:\wamp64\www\qi-exam\framework\base\CComponent.php:266
Stack trace:
#0 C:\wamp64\www\qi-exam\framework\db\ar\CActiveRecord.php(229): CComponent->__call('existing', Array)
#1 C:\wamp64\www\qi-exam\app\protected\models\User.php(57): CActiveRecord->__call('existing', Array)
#2 C:\wamp64\www\qi-exam\framework\validators\CInlineValidator.php(42): User->emailExists('email', Array)
#3 C:\wamp64\www\qi-exam\framework\validators\CValidator.php(201): CInlineValidator->validateAttribute(Object(User), 'email')
#4 C:\wamp64\www\qi-exam\framework\base\CModel.php(159): CValidator->validate(Object(User), Array)
#5 C:\wamp64\www\qi-exam\app\protected\controllers\SiteController.php(33): CModel->validate()
#6 C:\wamp64\www\qi-exam\framework\web\actions\CInlineAction.php(49): SiteController->actionIndex()
#7 C:\wamp64\www\qi-exam\framework\web\CController.php(308): CInlineAction->runWithParams(Array)
#8 C:\wamp64\www\qi-exam\framework\web\CController.php(286): CController->runAction(Object(CInlineAction))
#9 C:\wamp64\www\qi-exam\framework\web\CController.php(265): CController->runActionWithFilters(Object(CInlineAction), Array)
#10 C:\wamp64\www\qi-exam\framework\web\CWebApplication.php(282): CController->run('index')
#11 C:\wamp64\www\qi-exam\framework\web\CWebApplication.php(141): CWebApplication->runController('site/index')
#12 C:\wamp64\www\qi-exam\framework\base\CApplication.php(185): CWebApplication->processRequest()
#13 C:\wamp64\www\qi-exam\app\index.php(13): CApplication->run()
#14 {main}
REQUEST_URI=/site/index
HTTP_REFERER=http://qi.john/site/index
---
2020/02/13 13:49:30 [error] [exception.ParseError] ParseError: syntax error, unexpected ')', expecting ',' or ';' in C:\wamp64\www\qi-exam\app\protected\views\site\index.php:31
Stack trace:
#0 C:\wamp64\www\qi-exam\framework\web\CBaseController.php(95): CBaseController->renderInternal('C:\\wamp64\\www\\q...', Array, true)
#1 C:\wamp64\www\qi-exam\framework\web\CController.php(872): CBaseController->renderFile('C:\\wamp64\\www\\q...', Array, true)
#2 C:\wamp64\www\qi-exam\framework\web\CController.php(785): CController->renderPartial('index', Array, true)
#3 C:\wamp64\www\qi-exam\app\protected\controllers\SiteController.php(49): CController->render('index', Array)
#4 C:\wamp64\www\qi-exam\framework\web\actions\CInlineAction.php(49): SiteController->actionIndex()
#5 C:\wamp64\www\qi-exam\framework\web\CController.php(308): CInlineAction->runWithParams(Array)
#6 C:\wamp64\www\qi-exam\framework\web\CController.php(286): CController->runAction(Object(CInlineAction))
#7 C:\wamp64\www\qi-exam\framework\web\CController.php(265): CController->runActionWithFilters(Object(CInlineAction), Array)
#8 C:\wamp64\www\qi-exam\framework\web\CWebApplication.php(282): CController->run('index')
#9 C:\wamp64\www\qi-exam\framework\web\CWebApplication.php(141): CWebApplication->runController('site/index')
#10 C:\wamp64\www\qi-exam\framework\base\CApplication.php(185): CWebApplication->processRequest()
#11 C:\wamp64\www\qi-exam\app\index.php(13): CApplication->run()
#12 {main}
REQUEST_URI=/site/index
---
2020/02/13 14:24:36 [error] [exception.CHttpException.404] CHttpException: The system is unable to find the requested action "site". in C:\wamp64\www\qi-exam\framework\web\CController.php:486
Stack trace:
#0 C:\wamp64\www\qi-exam\framework\web\CController.php(270): CController->missingAction('site')
#1 C:\wamp64\www\qi-exam\framework\web\CWebApplication.php(282): CController->run('site')
#2 C:\wamp64\www\qi-exam\framework\web\CWebApplication.php(141): CWebApplication->runController('site/site/login')
#3 C:\wamp64\www\qi-exam\framework\base\CApplication.php(185): CWebApplication->processRequest()
#4 C:\wamp64\www\qi-exam\app\index.php(13): CApplication->run()
#5 {main}
REQUEST_URI=/site/site/login
HTTP_REFERER=http://qi.john/site/index
---
2020/02/13 14:26:16 [error] [php] Undefined variable: user (C:\wamp64\www\qi-exam\app\protected\views\site\login.php:34)
Stack trace:
#0 C:\wamp64\www\qi-exam\framework\web\CController.php(872): SiteController->renderFile()
#1 C:\wamp64\www\qi-exam\framework\web\CController.php(785): SiteController->renderPartial()
#2 C:\wamp64\www\qi-exam\app\protected\controllers\SiteController.php(122): SiteController->render()
#3 C:\wamp64\www\qi-exam\framework\web\actions\CInlineAction.php(49): SiteController->actionLogin()
#4 C:\wamp64\www\qi-exam\framework\web\CController.php(308): CInlineAction->runWithParams()
#5 C:\wamp64\www\qi-exam\framework\web\CController.php(286): SiteController->runAction()
#6 C:\wamp64\www\qi-exam\framework\web\CController.php(265): SiteController->runActionWithFilters()
#7 C:\wamp64\www\qi-exam\framework\web\CWebApplication.php(282): SiteController->run()
#8 C:\wamp64\www\qi-exam\framework\web\CWebApplication.php(141): CWebApplication->runController()
#9 C:\wamp64\www\qi-exam\framework\base\CApplication.php(185): CWebApplication->processRequest()
#10 C:\wamp64\www\qi-exam\app\index.php(13): CWebApplication->run()
REQUEST_URI=/site/login
in C:\wamp64\www\qi-exam\app\protected\views\site\login.php (34)
in C:\wamp64\www\qi-exam\app\protected\controllers\SiteController.php (122)
in C:\wamp64\www\qi-exam\app\index.php (13)
2020/02/13 14:26:42 [error] [exception.CException] CException: Property "LoginForm.email" is not defined. in C:\wamp64\www\qi-exam\framework\base\CComponent.php:130
Stack trace:
#0 C:\wamp64\www\qi-exam\framework\web\helpers\CHtml.php(2760): CComponent->__get('email')
#1 C:\wamp64\www\qi-exam\framework\web\helpers\CHtml.php(2483): CHtml::resolveValue(Object(LoginForm), 'email')
#2 C:\wamp64\www\qi-exam\framework\web\helpers\CHtml.php(1540): CHtml::activeInputField('text', Object(LoginForm), 'email', Array)
#3 C:\wamp64\www\qi-exam\framework\web\widgets\CActiveForm.php(792): CHtml::activeTextField(Object(LoginForm), 'email', Array)
#4 C:\wamp64\www\qi-exam\app\protected\views\site\login.php(34): CActiveForm->textField(Object(LoginForm), 'email', Array)
#5 C:\wamp64\www\qi-exam\framework\web\CBaseController.php(126): require('C:\\wamp64\\www\\q...')
#6 C:\wamp64\www\qi-exam\framework\web\CBaseController.php(95): CBaseController->renderInternal('C:\\wamp64\\www\\q...', Array, true)
#7 C:\wamp64\www\qi-exam\framework\web\CController.php(872): CBaseController->renderFile('C:\\wamp64\\www\\q...', Array, true)
#8 C:\wamp64\www\qi-exam\framework\web\CController.php(785): CController->renderPartial('login', Array, true)
#9 C:\wamp64\www\qi-exam\app\protected\controllers\SiteController.php(122): CController->render('login', Array)
#10 C:\wamp64\www\qi-exam\framework\web\actions\CInlineAction.php(49): SiteController->actionLogin()
#11 C:\wamp64\www\qi-exam\framework\web\CController.php(308): CInlineAction->runWithParams(Array)
#12 C:\wamp64\www\qi-exam\framework\web\CController.php(286): CController->runAction(Object(CInlineAction))
#13 C:\wamp64\www\qi-exam\framework\web\CController.php(265): CController->runActionWithFilters(Object(CInlineAction), Array)
#14 C:\wamp64\www\qi-exam\framework\web\CWebApplication.php(282): CController->run('login')
#15 C:\wamp64\www\qi-exam\framework\web\CWebApplication.php(141): CWebApplication->runController('site/login')
#16 C:\wamp64\www\qi-exam\framework\base\CApplication.php(185): CWebApplication->processRequest()
#17 C:\wamp64\www\qi-exam\app\index.php(13): CApplication->run()
#18 {main}
REQUEST_URI=/site/login
---
2020/02/13 14:26:45 [error] [exception.CException] CException: Property "LoginForm.email" is not defined. in C:\wamp64\www\qi-exam\framework\base\CComponent.php:130
Stack trace:
#0 C:\wamp64\www\qi-exam\framework\web\helpers\CHtml.php(2760): CComponent->__get('email')
#1 C:\wamp64\www\qi-exam\framework\web\helpers\CHtml.php(2483): CHtml::resolveValue(Object(LoginForm), 'email')
#2 C:\wamp64\www\qi-exam\framework\web\helpers\CHtml.php(1540): CHtml::activeInputField('text', Object(LoginForm), 'email', Array)
#3 C:\wamp64\www\qi-exam\framework\web\widgets\CActiveForm.php(792): CHtml::activeTextField(Object(LoginForm), 'email', Array)
#4 C:\wamp64\www\qi-exam\app\protected\views\site\login.php(34): CActiveForm->textField(Object(LoginForm), 'email', Array)
#5 C:\wamp64\www\qi-exam\framework\web\CBaseController.php(126): require('C:\\wamp64\\www\\q...')
#6 C:\wamp64\www\qi-exam\framework\web\CBaseController.php(95): CBaseController->renderInternal('C:\\wamp64\\www\\q...', Array, true)
#7 C:\wamp64\www\qi-exam\framework\web\CController.php(872): CBaseController->renderFile('C:\\wamp64\\www\\q...', Array, true)
#8 C:\wamp64\www\qi-exam\framework\web\CController.php(785): CController->renderPartial('login', Array, true)
#9 C:\wamp64\www\qi-exam\app\protected\controllers\SiteController.php(122): CController->render('login', Array)
#10 C:\wamp64\www\qi-exam\framework\web\actions\CInlineAction.php(49): SiteController->actionLogin()
#11 C:\wamp64\www\qi-exam\framework\web\CController.php(308): CInlineAction->runWithParams(Array)
#12 C:\wamp64\www\qi-exam\framework\web\CController.php(286): CController->runAction(Object(CInlineAction))
#13 C:\wamp64\www\qi-exam\framework\web\CController.php(265): CController->runActionWithFilters(Object(CInlineAction), Array)
#14 C:\wamp64\www\qi-exam\framework\web\CWebApplication.php(282): CController->run('login')
#15 C:\wamp64\www\qi-exam\framework\web\CWebApplication.php(141): CWebApplication->runController('site/login')
#16 C:\wamp64\www\qi-exam\framework\base\CApplication.php(185): CWebApplication->processRequest()
#17 C:\wamp64\www\qi-exam\app\index.php(13): CApplication->run()
#18 {main}
REQUEST_URI=/site/login
---
2020/02/13 14:59:32 [error] [exception.ParseError] ParseError: syntax error, unexpected 'else' (T_ELSE) in C:\wamp64\www\qi-exam\app\protected\components\UserIdentity.php:38
Stack trace:
#0 [internal function]: YiiBase::autoload('UserIdentity')
#1 C:\wamp64\www\qi-exam\app\protected\models\LoginForm.php(52): spl_autoload_call('UserIdentity')
#2 C:\wamp64\www\qi-exam\framework\validators\CInlineValidator.php(42): LoginForm->authenticate('password', Array)
#3 C:\wamp64\www\qi-exam\framework\validators\CValidator.php(201): CInlineValidator->validateAttribute(Object(LoginForm), 'password')
#4 C:\wamp64\www\qi-exam\framework\base\CModel.php(159): CValidator->validate(Object(LoginForm), Array)
#5 C:\wamp64\www\qi-exam\app\protected\controllers\SiteController.php(118): CModel->validate()
#6 C:\wamp64\www\qi-exam\framework\web\actions\CInlineAction.php(49): SiteController->actionLogin()
#7 C:\wamp64\www\qi-exam\framework\web\CController.php(308): CInlineAction->runWithParams(Array)
#8 C:\wamp64\www\qi-exam\framework\web\CController.php(286): CController->runAction(Object(CInlineAction))
#9 C:\wamp64\www\qi-exam\framework\web\CController.php(265): CController->runActionWithFilters(Object(CInlineAction), Array)
#10 C:\wamp64\www\qi-exam\framework\web\CWebApplication.php(282): CController->run('login')
#11 C:\wamp64\www\qi-exam\framework\web\CWebApplication.php(141): CWebApplication->runController('site/login')
#12 C:\wamp64\www\qi-exam\framework\base\CApplication.php(185): CWebApplication->processRequest()
#13 C:\wamp64\www\qi-exam\app\index.php(13): CApplication->run()
#14 {main}
REQUEST_URI=/site/login
HTTP_REFERER=http://qi.john/site/login
---
2020/02/13 15:00:12 [error] [exception.CException] CException: Property "LoginForm.username" is not defined. in C:\wamp64\www\qi-exam\framework\base\CComponent.php:130
Stack trace:
#0 C:\wamp64\www\qi-exam\app\protected\models\LoginForm.php(52): CComponent->__get('username')
#1 C:\wamp64\www\qi-exam\framework\validators\CInlineValidator.php(42): LoginForm->authenticate('password', Array)
#2 C:\wamp64\www\qi-exam\framework\validators\CValidator.php(201): CInlineValidator->validateAttribute(Object(LoginForm), 'password')
#3 C:\wamp64\www\qi-exam\framework\base\CModel.php(159): CValidator->validate(Object(LoginForm), Array)
#4 C:\wamp64\www\qi-exam\app\protected\controllers\SiteController.php(118): CModel->validate()
#5 C:\wamp64\www\qi-exam\framework\web\actions\CInlineAction.php(49): SiteController->actionLogin()
#6 C:\wamp64\www\qi-exam\framework\web\CController.php(308): CInlineAction->runWithParams(Array)
#7 C:\wamp64\www\qi-exam\framework\web\CController.php(286): CController->runAction(Object(CInlineAction))
#8 C:\wamp64\www\qi-exam\framework\web\CController.php(265): CController->runActionWithFilters(Object(CInlineAction), Array)
#9 C:\wamp64\www\qi-exam\framework\web\CWebApplication.php(282): CController->run('login')
#10 C:\wamp64\www\qi-exam\framework\web\CWebApplication.php(141): CWebApplication->runController('site/login')
#11 C:\wamp64\www\qi-exam\framework\base\CApplication.php(185): CWebApplication->processRequest()
#12 C:\wamp64\www\qi-exam\app\index.php(13): CApplication->run()
#13 {main}
REQUEST_URI=/site/login
HTTP_REFERER=http://qi.john/site/login
---
2020/02/13 15:04:09 [error] [exception.CException] CException: Property "UserIdentity.email" is not defined. in C:\wamp64\www\qi-exam\framework\base\CComponent.php:130
Stack trace:
#0 C:\wamp64\www\qi-exam\app\protected\components\UserIdentity.php(35): CComponent->__get('email')
#1 C:\wamp64\www\qi-exam\app\protected\models\LoginForm.php(53): UserIdentity->authenticate()
#2 C:\wamp64\www\qi-exam\framework\validators\CInlineValidator.php(42): LoginForm->authenticate('password', Array)
#3 C:\wamp64\www\qi-exam\framework\validators\CValidator.php(201): CInlineValidator->validateAttribute(Object(LoginForm), 'password')
#4 C:\wamp64\www\qi-exam\framework\base\CModel.php(159): CValidator->validate(Object(LoginForm), Array)
#5 C:\wamp64\www\qi-exam\app\protected\controllers\SiteController.php(118): CModel->validate()
#6 C:\wamp64\www\qi-exam\framework\web\actions\CInlineAction.php(49): SiteController->actionLogin()
#7 C:\wamp64\www\qi-exam\framework\web\CController.php(308): CInlineAction->runWithParams(Array)
#8 C:\wamp64\www\qi-exam\framework\web\CController.php(286): CController->runAction(Object(CInlineAction))
#9 C:\wamp64\www\qi-exam\framework\web\CController.php(265): CController->runActionWithFilters(Object(CInlineAction), Array)
#10 C:\wamp64\www\qi-exam\framework\web\CWebApplication.php(282): CController->run('login')
#11 C:\wamp64\www\qi-exam\framework\web\CWebApplication.php(141): CWebApplication->runController('site/login')
#12 C:\wamp64\www\qi-exam\framework\base\CApplication.php(185): CWebApplication->processRequest()
#13 C:\wamp64\www\qi-exam\app\index.php(13): CApplication->run()
#14 {main}
REQUEST_URI=/site/login
HTTP_REFERER=http://qi.john/site/login
---
2020/02/13 15:08:34 [error] [exception.CException] CException: Property "LoginForm.email" is not defined. in C:\wamp64\www\qi-exam\framework\base\CComponent.php:130
Stack trace:
#0 C:\wamp64\www\qi-exam\app\protected\models\LoginForm.php(52): CComponent->__get('email')
#1 C:\wamp64\www\qi-exam\framework\validators\CInlineValidator.php(42): LoginForm->authenticate('password', Array)
#2 C:\wamp64\www\qi-exam\framework\validators\CValidator.php(201): CInlineValidator->validateAttribute(Object(LoginForm), 'password')
#3 C:\wamp64\www\qi-exam\framework\base\CModel.php(159): CValidator->validate(Object(LoginForm), Array)
#4 C:\wamp64\www\qi-exam\app\protected\controllers\SiteController.php(118): CModel->validate()
#5 C:\wamp64\www\qi-exam\framework\web\actions\CInlineAction.php(49): SiteController->actionLogin()
#6 C:\wamp64\www\qi-exam\framework\web\CController.php(308): CInlineAction->runWithParams(Array)
#7 C:\wamp64\www\qi-exam\framework\web\CController.php(286): CController->runAction(Object(CInlineAction))
#8 C:\wamp64\www\qi-exam\framework\web\CController.php(265): CController->runActionWithFilters(Object(CInlineAction), Array)
#9 C:\wamp64\www\qi-exam\framework\web\CWebApplication.php(282): CController->run('login')
#10 C:\wamp64\www\qi-exam\framework\web\CWebApplication.php(141): CWebApplication->runController('site/login')
#11 C:\wamp64\www\qi-exam\framework\base\CApplication.php(185): CWebApplication->processRequest()
#12 C:\wamp64\www\qi-exam\app\index.php(13): CApplication->run()
#13 {main}
REQUEST_URI=/site/login
HTTP_REFERER=http://qi.john/site/login
---
2020/02/13 15:09:01 [error] [php] Undefined variable: indentity (C:\wamp64\www\qi-exam\app\protected\components\UserIdentity.php:54)
Stack trace:
#0 C:\wamp64\www\qi-exam\framework\validators\CInlineValidator.php(42): LoginForm->authenticate()
#1 C:\wamp64\www\qi-exam\framework\validators\CValidator.php(201): CInlineValidator->validateAttribute()
#2 C:\wamp64\www\qi-exam\framework\base\CModel.php(159): CInlineValidator->validate()
#3 C:\wamp64\www\qi-exam\app\protected\controllers\SiteController.php(118): LoginForm->validate()
#4 C:\wamp64\www\qi-exam\framework\web\actions\CInlineAction.php(49): SiteController->actionLogin()
#5 C:\wamp64\www\qi-exam\framework\web\CController.php(308): CInlineAction->runWithParams()
#6 C:\wamp64\www\qi-exam\framework\web\CController.php(286): SiteController->runAction()
#7 C:\wamp64\www\qi-exam\framework\web\CController.php(265): SiteController->runActionWithFilters()
#8 C:\wamp64\www\qi-exam\framework\web\CWebApplication.php(282): SiteController->run()
#9 C:\wamp64\www\qi-exam\framework\web\CWebApplication.php(141): CWebApplication->runController()
#10 C:\wamp64\www\qi-exam\framework\base\CApplication.php(185): CWebApplication->processRequest()
#11 C:\wamp64\www\qi-exam\app\index.php(13): CWebApplication->run()
REQUEST_URI=/site/login
in C:\wamp64\www\qi-exam\app\protected\components\UserIdentity.php (54)
in C:\wamp64\www\qi-exam\app\protected\components\UserIdentity.php (41)
in C:\wamp64\www\qi-exam\app\protected\models\LoginForm.php (53)
